<?xml version="1.0" encoding="UTF-8" ?>
<testsuite failures="1" time="3.522" errors="0" skipped="0" tests="7" name="cz.fi.muni.pz165.tests.CustomerTest">
  <properties>
[...]
</properties>
  <testcase time="0.101" classname="cz.fi.muni.pz165.tests.CustomerTest" name="createNullNameTest">
    <failure message="
Expected exception javax.persistence.PersistenceException but got javax.validation.ConstraintViolationException: Validation failed for classes [cz.fi.muni.pa165.dogbarber.entity.Customer] during persist time for groups [javax.validation.groups.Default, ]
List of constraint violations:[
	ConstraintViolationImpl{interpolatedMessage=&apos;may not be null&apos;, propertyPath=name, rootBeanClass=class cz.fi.muni.pa165.dogbarber.entity.Customer, messageTemplate=&apos;{javax.validation.constraints.NotNull.message}&apos;}
]" type="org.testng.TestException">org.testng.TestException: 
Expected exception javax.persistence.PersistenceException but got javax.validation.ConstraintViolationException: Validation failed for classes [cz.fi.muni.pa165.dogbarber.entity.Customer] during persist time for groups [javax.validation.groups.Default, ]
List of constraint violations:[
	ConstraintViolationImpl{interpolatedMessage=&apos;may not be null&apos;, propertyPath=name, rootBeanClass=class cz.fi.muni.pa165.dogbarber.entity.Customer, messageTemplate=&apos;{javax.validation.constraints.NotNull.message}&apos;}
]
	at org.testng.internal.Invoker.handleInvocationResults(Invoker.java:1497)
	at org.testng.internal.Invoker.invokeMethod(Invoker.java:754)
	at org.testng.internal.Invoker.invokeTestMethod(Invoker.java:901)
	at org.testng.internal.Invoker.invokeTestMethods(Invoker.java:1231)
	at org.testng.internal.TestMethodWorker.invokeTestMethods(TestMethodWorker.java:127)
	at org.testng.internal.TestMethodWorker.run(TestMethodWorker.java:111)
	at org.testng.TestRunner.privateRun(TestRunner.java:767)
	at org.testng.TestRunner.run(TestRunner.java:617)
	at org.testng.SuiteRunner.runTest(SuiteRunner.java:348)
	at org.testng.SuiteRunner.runSequentially(SuiteRunner.java:343)
	at org.testng.SuiteRunner.privateRun(SuiteRunner.java:305)
	at org.testng.SuiteRunner.run(SuiteRunner.java:254)
	at org.testng.SuiteRunnerWorker.runSuite(SuiteRunnerWorker.java:52)
	at org.testng.SuiteRunnerWorker.run(SuiteRunnerWorker.java:86)
	at org.testng.TestNG.runSuitesSequentially(TestNG.java:1224)
	at org.testng.TestNG.runSuitesLocally(TestNG.java:1149)
	at org.testng.TestNG.run(TestNG.java:1057)
	at org.apache.maven.surefire.testng.TestNGExecutor.run(TestNGExecutor.java:70)
	at org.apache.maven.surefire.testng.TestNGDirectoryTestSuite.execute(TestNGDirectoryTestSuite.java:108)
	at org.apache.maven.surefire.testng.TestNGProvider.invoke(TestNGProvider.java:111)
	at sun.reflect.NativeMethodAccessorImpl.invoke0(Native Method)
	at sun.reflect.NativeMethodAccessorImpl.invoke(NativeMethodAccessorImpl.java:57)
	at sun.reflect.DelegatingMethodAccessorImpl.invoke(DelegatingMethodAccessorImpl.java:43)
	at java.lang.reflect.Method.invoke(Method.java:606)
	at org.apache.maven.surefire.util.ReflectionUtils.invokeMethodWithArray(ReflectionUtils.java:164)
	at org.apache.maven.surefire.booter.ProviderFactory$ProviderProxy.invoke(ProviderFactory.java:110)
	at org.apache.maven.surefire.booter.SurefireStarter.invokeProvider(SurefireStarter.java:172)
	at org.apache.maven.surefire.booter.SurefireStarter.runSuitesInProcessWhenForked(SurefireStarter.java:104)
	at org.apache.maven.surefire.booter.ForkedBooter.main(ForkedBooter.java:70)
Caused by: javax.validation.ConstraintViolationException: Validation failed for classes [cz.fi.muni.pa165.dogbarber.entity.Customer] during persist time for groups [javax.validation.groups.Default, ]
List of constraint violations:[
	ConstraintViolationImpl{interpolatedMessage=&apos;may not be null&apos;, propertyPath=name, rootBeanClass=class cz.fi.muni.pa165.dogbarber.entity.Customer, messageTemplate=&apos;{javax.validation.constraints.NotNull.message}&apos;}
]
	at org.hibernate.cfg.beanvalidation.BeanValidationEventListener.validate(BeanValidationEventListener.java:160)
	at org.hibernate.cfg.beanvalidation.BeanValidationEventListener.onPreInsert(BeanValidationEventListener.java:95)
	at org.hibernate.action.internal.EntityIdentityInsertAction.preInsert(EntityIdentityInsertAction.java:214)
	at org.hibernate.action.internal.EntityIdentityInsertAction.execute(EntityIdentityInsertAction.java:92)
	at org.hibernate.engine.spi.ActionQueue.execute(ActionQueue.java:490)
	at org.hibernate.engine.spi.ActionQueue.addResolvedEntityInsertAction(ActionQueue.java:195)
	at org.hibernate.engine.spi.ActionQueue.addInsertAction(ActionQueue.java:179)
	at org.hibernate.engine.spi.ActionQueue.addAction(ActionQueue.java:214)
	at org.hibernate.event.internal.AbstractSaveEventListener.addInsertAction(AbstractSaveEventListener.java:324)
	at org.hibernate.event.internal.AbstractSaveEventListener.performSaveOrReplicate(AbstractSaveEventListener.java:288)
	at org.hibernate.event.internal.AbstractSaveEventListener.performSave(AbstractSaveEventListener.java:194)
	at org.hibernate.event.internal.AbstractSaveEventListener.saveWithGeneratedId(AbstractSaveEventListener.java:125)
	at org.hibernate.jpa.event.internal.core.JpaPersistEventListener.saveWithGeneratedId(JpaPersistEventListener.java:84)
	at org.hibernate.event.internal.DefaultPersistEventListener.entityIsTransient(DefaultPersistEventListener.java:206)
	at org.hibernate.event.internal.DefaultPersistEventListener.onPersist(DefaultPersistEventListener.java:149)
	at org.hibernate.event.internal.DefaultPersistEventListener.onPersist(DefaultPersistEventListener.java:75)
	at org.hibernate.internal.SessionImpl.firePersist(SessionImpl.java:811)
	at org.hibernate.internal.SessionImpl.persist(SessionImpl.java:784)
	at org.hibernate.internal.SessionImpl.persist(SessionImpl.java:789)
	at org.hibernate.jpa.spi.AbstractEntityManagerImpl.persist(AbstractEntityManagerImpl.java:1181)
	at sun.reflect.NativeMethodAccessorImpl.invoke0(Native Method)
	at sun.reflect.NativeMethodAccessorImpl.invoke(NativeMethodAccessorImpl.java:57)
	at sun.reflect.DelegatingMethodAccessorImpl.invoke(DelegatingMethodAccessorImpl.java:43)
	at java.lang.reflect.Method.invoke(Method.java:606)
	at org.springframework.orm.jpa.SharedEntityManagerCreator$SharedEntityManagerInvocationHandler.invoke(SharedEntityManagerCreator.java:289)
	at com.sun.proxy.$Proxy39.persist(Unknown Source)
	at cz.fi.muni.pa165.dogbarber.dao.CustomerDaoImpl.createCustomer(CustomerDaoImpl.java:34)
	at sun.reflect.NativeMethodAccessorImpl.invoke0(Native Method)
	at sun.reflect.NativeMethodAccessorImpl.invoke(NativeMethodAccessorImpl.java:57)
	at sun.reflect.DelegatingMethodAccessorImpl.invoke(DelegatingMethodAccessorImpl.java:43)
	at java.lang.reflect.Method.invoke(Method.java:606)
	at org.springframework.aop.support.AopUtils.invokeJoinpointUsingReflection(AopUtils.java:317)
	at org.springframework.aop.framework.ReflectiveMethodInvocation.invokeJoinpoint(ReflectiveMethodInvocation.java:190)
	at org.springframework.aop.framework.ReflectiveMethodInvocation.proceed(ReflectiveMethodInvocation.java:157)
	at org.springframework.transaction.interceptor.TransactionInterceptor$1.proceedWithInvocation(TransactionInterceptor.java:98)
	at org.springframework.transaction.interceptor.TransactionAspectSupport.invokeWithinTransaction(TransactionAspectSupport.java:262)
	at org.springframework.transaction.interceptor.TransactionInterceptor.invoke(TransactionInterceptor.java:95)
	at org.springframework.aop.framework.ReflectiveMethodInvocation.proceed(ReflectiveMethodInvocation.java:179)
	at org.springframework.aop.framework.JdkDynamicAopProxy.invoke(JdkDynamicAopProxy.java:207)
	at com.sun.proxy.$Proxy41.createCustomer(Unknown Source)
	at cz.fi.muni.pz165.tests.CustomerTest.createNullNameTest(CustomerTest.java:83)
	at sun.reflect.NativeMethodAccessorImpl.invoke0(Native Method)
	at sun.reflect.NativeMethodAccessorImpl.invoke(NativeMethodAccessorImpl.java:57)
	at sun.reflect.DelegatingMethodAccessorImpl.invoke(DelegatingMethodAccessorImpl.java:43)
	at java.lang.reflect.Method.invoke(Method.java:606)
	at org.testng.internal.MethodInvocationHelper.invokeMethod(MethodInvocationHelper.java:84)
	at org.testng.internal.MethodInvocationHelper$1.runTestMethod(MethodInvocationHelper.java:200)
	at org.springframework.test.context.testng.AbstractTestNGSpringContextTests.run(AbstractTestNGSpringContextTests.java:172)
	at sun.reflect.NativeMethodAccessorImpl.invoke0(Native Method)
	at sun.reflect.NativeMethodAccessorImpl.invoke(NativeMethodAccessorImpl.java:57)
	at sun.reflect.DelegatingMethodAccessorImpl.invoke(DelegatingMethodAccessorImpl.java:43)
	at java.lang.reflect.Method.invoke(Method.java:606)
	at org.testng.internal.MethodInvocationHelper.invokeHookable(MethodInvocationHelper.java:212)
	at org.testng.internal.Invoker.invokeMethod(Invoker.java:707)
	... 27 more
Caused by: javax.validation.ConstraintViolationException: Validation failed for classes [cz.fi.muni.pa165.dogbarber.entity.Customer] during persist time for groups [javax.validation.groups.Default, ]
List of constraint violations:[
	ConstraintViolationImpl{interpolatedMessage=&apos;may not be null&apos;, propertyPath=name, rootBeanClass=class cz.fi.muni.pa165.dogbarber.entity.Customer, messageTemplate=&apos;{javax.validation.constraints.NotNull.message}&apos;}
]
	at org.hibernate.cfg.beanvalidation.BeanValidationEventListener.validate(BeanValidationEventListener.java:160)
	at org.hibernate.cfg.beanvalidation.BeanValidationEventListener.onPreInsert(BeanValidationEventListener.java:95)
	at org.hibernate.action.internal.EntityIdentityInsertAction.preInsert(EntityIdentityInsertAction.java:214)
	at org.hibernate.action.internal.EntityIdentityInsertAction.execute(EntityIdentityInsertAction.java:92)
	at org.hibernate.engine.spi.ActionQueue.execute(ActionQueue.java:490)
	at org.hibernate.engine.spi.ActionQueue.addResolvedEntityInsertAction(ActionQueue.java:195)
	at org.hibernate.engine.spi.ActionQueue.addInsertAction(ActionQueue.java:179)
	at org.hibernate.engine.spi.ActionQueue.addAction(ActionQueue.java:214)
	at org.hibernate.event.internal.AbstractSaveEventListener.addInsertAction(AbstractSaveEventListener.java:324)
	at org.hibernate.event.internal.AbstractSaveEventListener.performSaveOrReplicate(AbstractSaveEventListener.java:288)
	at org.hibernate.event.internal.AbstractSaveEventListener.performSave(AbstractSaveEventListener.java:194)
	at org.hibernate.event.internal.AbstractSaveEventListener.saveWithGeneratedId(AbstractSaveEventListener.java:125)
	at org.hibernate.jpa.event.internal.core.JpaPersistEventListener.saveWithGeneratedId(JpaPersistEventListener.java:84)
	at org.hibernate.event.internal.DefaultPersistEventListener.entityIsTransient(DefaultPersistEventListener.java:206)
	at org.hibernate.event.internal.DefaultPersistEventListener.onPersist(DefaultPersistEventListener.java:149)
	at org.hibernate.event.internal.DefaultPersistEventListener.onPersist(DefaultPersistEventListener.java:75)
	at org.hibernate.internal.SessionImpl.firePersist(SessionImpl.java:811)
	at org.hibernate.internal.SessionImpl.persist(SessionImpl.java:784)
	at org.hibernate.internal.SessionImpl.persist(SessionImpl.java:789)
	at org.hibernate.jpa.spi.AbstractEntityManagerImpl.persist(AbstractEntityManagerImpl.java:1181)
	at sun.reflect.NativeMethodAccessorImpl.invoke0(Native Method)
	at sun.reflect.NativeMethodAccessorImpl.invoke(NativeMethodAccessorImpl.java:57)
	at sun.reflect.DelegatingMethodAccessorImpl.invoke(DelegatingMethodAccessorImpl.java:43)
	at java.lang.reflect.Method.invoke(Method.java:606)
	at org.springframework.orm.jpa.SharedEntityManagerCreator$SharedEntityManagerInvocationHandler.invoke(SharedEntityManagerCreator.java:289)
	at com.sun.proxy.$Proxy39.persist(Unknown Source)
	at cz.fi.muni.pa165.dogbarber.dao.CustomerDaoImpl.createCustomer(CustomerDaoImpl.java:34)
	at sun.reflect.NativeMethodAccessorImpl.invoke0(Native Method)
	at sun.reflect.NativeMethodAccessorImpl.invoke(NativeMethodAccessorImpl.java:57)
	at sun.reflect.DelegatingMethodAccessorImpl.invoke(DelegatingMethodAccessorImpl.java:43)
	at java.lang.reflect.Method.invoke(Method.java:606)
	at org.springframework.aop.support.AopUtils.invokeJoinpointUsingReflection(AopUtils.java:317)
	at org.springframework.aop.framework.ReflectiveMethodInvocation.invokeJoinpoint(ReflectiveMethodInvocation.java:190)
	at org.springframework.aop.framework.ReflectiveMethodInvocation.proceed(ReflectiveMethodInvocation.java:157)
	at org.springframework.transaction.interceptor.TransactionInterceptor$1.proceedWithInvocation(TransactionInterceptor.java:98)
	at org.springframework.transaction.interceptor.TransactionAspectSupport.invokeWithinTransaction(TransactionAspectSupport.java:262)
	at org.springframework.transaction.interceptor.TransactionInterceptor.invoke(TransactionInterceptor.java:95)
	at org.springframework.aop.framework.ReflectiveMethodInvocation.proceed(ReflectiveMethodInvocation.java:179)
	at org.springframework.aop.framework.JdkDynamicAopProxy.invoke(JdkDynamicAopProxy.java:207)
	at com.sun.proxy.$Proxy41.createCustomer(Unknown Source)
	at cz.fi.muni.pz165.tests.CustomerTest.createNullNameTest(CustomerTest.java:83)
	at sun.reflect.NativeMethodAccessorImpl.invoke0(Native Method)
	at sun.reflect.NativeMethodAccessorImpl.invoke(NativeMethodAccessorImpl.java:57)
	at sun.reflect.DelegatingMethodAccessorImpl.invoke(DelegatingMethodAccessorImpl.java:43)
	at java.lang.reflect.Method.invoke(Method.java:606)
	at org.testng.internal.MethodInvocationHelper.invokeMethod(MethodInvocationHelper.java:84)
	at org.testng.internal.MethodInvocationHelper$1.runTestMethod(MethodInvocationHelper.java:200)
	at org.springframework.test.context.testng.AbstractTestNGSpringContextTests.run(AbstractTestNGSpringContextTests.java:172)
	at sun.reflect.NativeMethodAccessorImpl.invoke0(Native Method)
	at sun.reflect.NativeMethodAccessorImpl.invoke(NativeMethodAccessorImpl.java:57)
	at sun.reflect.DelegatingMethodAccessorImpl.invoke(DelegatingMethodAccessorImpl.java:43)
	at java.lang.reflect.Method.invoke(Method.java:606)
	at org.testng.internal.MethodInvocationHelper.invokeHookable(MethodInvocationHelper.java:212)
	at org.testng.internal.Invoker.invokeMethod(Invoker.java:707)
	... 27 more
</failure>
    <system-out>log4j: reset attribute= &quot;false&quot;.
log4j: Threshold =&quot;null&quot;.
log4j: Level value for root is  [INFO].
log4j: root level set to INFO
log4j: Class name: [org.apache.log4j.ConsoleAppender]
log4j: Parsing layout of class: &quot;org.apache.log4j.PatternLayout&quot;
log4j: Setting property [conversionPattern] to [%d{yyyy-MM-dd HH:mm:ss} %-5p %c{1}:%L - %m%n].
log4j: Adding appender named [console] to category [root].
2015-11-17 20:29:34 INFO  TestContextManager:242 - Could not instantiate TestExecutionListener [org.springframework.test.context.web.ServletTestExecutionListener]. Specify custom listener classes or make the default listener classes (and their required dependencies) available. Offending class: [javax/servlet/ServletContext]
2015-11-17 20:29:34 INFO  GenericApplicationContext:513 - Refreshing org.springframework.context.support.GenericApplicationContext@13a342a: startup date [Tue Nov 17 20:29:34 CET 2015]; root of context hierarchy
2015-11-17 20:29:34 INFO  AutowiredAnnotationBeanPostProcessor:141 - JSR-330 &apos;javax.inject.Inject&apos; annotation found and supported for autowiring
2015-11-17 20:29:34 INFO  EmbeddedDatabaseFactory:147 - Creating embedded database &apos;testdb&apos;
2015-11-17 20:29:35 INFO  LocalContainerEntityManagerFactoryBean:332 - Building JPA container EntityManagerFactory for persistence unit &apos;default&apos;
2015-11-17 20:29:35 INFO  LogHelper:46 - HHH000204: Processing PersistenceUnitInfo [
	name: default
	...]
2015-11-17 20:29:35 INFO  Version:54 - HHH000412: Hibernate Core {4.3.5.Final}
2015-11-17 20:29:35 INFO  Environment:239 - HHH000206: hibernate.properties not found
2015-11-17 20:29:35 INFO  Environment:346 - HHH000021: Bytecode provider name : javassist
2015-11-17 20:29:35 INFO  Version:66 - HCANN000001: Hibernate Commons Annotations {4.0.4.Final}
2015-11-17 20:29:35 INFO  Dialect:145 - HHH000400: Using dialect: org.hibernate.dialect.DerbyDialect
2015-11-17 20:29:35 WARN  DerbyDialect:67 - HHH000430: The DerbyDialect dialect has been deprecated; use one of the version-specific dialects instead
2015-11-17 20:29:35 INFO  ASTQueryTranslatorFactory:47 - HHH000397: Using ASTQueryTranslatorFactory
2015-11-17 20:29:36 INFO  Version:27 - HV000001: Hibernate Validator 5.0.3.Final
2015-11-17 20:29:36 INFO  SchemaExport:343 - HHH000227: Running hbm2ddl schema export
Hibernate: 
    alter table Dog 
        drop constraint FK_r6dg2ea7r0v8j0ryqw01ltxsg
2015-11-17 20:29:36 ERROR SchemaExport:425 - HHH000389: Unsuccessful: alter table Dog drop constraint FK_r6dg2ea7r0v8j0ryqw01ltxsg
2015-11-17 20:29:36 ERROR SchemaExport:426 - Schema &apos;SA&apos; does not exist
Hibernate: 
    alter table Dog_Service 
        drop constraint FK_3h3gid4f67ednp7iqbao4n9m
2015-11-17 20:29:36 ERROR SchemaExport:425 - HHH000389: Unsuccessful: alter table Dog_Service drop constraint FK_3h3gid4f67ednp7iqbao4n9m
2015-11-17 20:29:36 ERROR SchemaExport:426 - Schema &apos;SA&apos; does not exist
Hibernate: 
    alter table Dog_Service 
        drop constraint FK_xv6a2ksabg59ask4emvn42l
2015-11-17 20:29:36 ERROR SchemaExport:425 - HHH000389: Unsuccessful: alter table Dog_Service drop constraint FK_xv6a2ksabg59ask4emvn42l
2015-11-17 20:29:36 ERROR SchemaExport:426 - Schema &apos;SA&apos; does not exist
Hibernate: 
    alter table Employee_Service 
        drop constraint FK_dvbcm61xhikp990gkvbu50f8t
2015-11-17 20:29:36 ERROR SchemaExport:425 - HHH000389: Unsuccessful: alter table Employee_Service drop constraint FK_dvbcm61xhikp990gkvbu50f8t
2015-11-17 20:29:36 ERROR SchemaExport:426 - Schema &apos;SA&apos; does not exist
Hibernate: 
    alter table Employee_Service 
        drop constraint FK_njny94ot79bnl3hxm6qctqmi9
2015-11-17 20:29:36 ERROR SchemaExport:425 - HHH000389: Unsuccessful: alter table Employee_Service drop constraint FK_njny94ot79bnl3hxm6qctqmi9
2015-11-17 20:29:36 ERROR SchemaExport:426 - Schema &apos;SA&apos; does not exist
Hibernate: 
    drop table Customer
2015-11-17 20:29:36 ERROR SchemaExport:425 - HHH000389: Unsuccessful: drop table Customer
2015-11-17 20:29:36 ERROR SchemaExport:426 - Schema &apos;SA&apos; does not exist
Hibernate: 
    drop table Dog
2015-11-17 20:29:36 ERROR SchemaExport:425 - HHH000389: Unsuccessful: drop table Dog
2015-11-17 20:29:36 ERROR SchemaExport:426 - Schema &apos;SA&apos; does not exist
Hibernate: 
    drop table Dog_Service
2015-11-17 20:29:36 ERROR SchemaExport:425 - HHH000389: Unsuccessful: drop table Dog_Service
2015-11-17 20:29:36 ERROR SchemaExport:426 - Schema &apos;SA&apos; does not exist
Hibernate: 
    drop table Employee
2015-11-17 20:29:36 ERROR SchemaExport:425 - HHH000389: Unsuccessful: drop table Employee
2015-11-17 20:29:36 ERROR SchemaExport:426 - Schema &apos;SA&apos; does not exist
Hibernate: 
    drop table Employee_Service
2015-11-17 20:29:36 ERROR SchemaExport:425 - HHH000389: Unsuccessful: drop table Employee_Service
2015-11-17 20:29:36 ERROR SchemaExport:426 - Schema &apos;SA&apos; does not exist
Hibernate: 
    drop table Service
2015-11-17 20:29:36 ERROR SchemaExport:425 - HHH000389: Unsuccessful: drop table Service
2015-11-17 20:29:36 ERROR SchemaExport:426 - Schema &apos;SA&apos; does not exist
Hibernate: 
    create table Customer (
        id bigint generated by default as identity,
        adress varchar(255) not null,
        name varchar(255) not null,
        phoneNumber varchar(255) not null,
        surname varchar(255) not null,
        primary key (id)
    )
Hibernate: 
    create table Dog (
        id bigint generated by default as identity,
        bornDate timestamp not null,
        breed varchar(255) not null,
        color integer not null,
        name varchar(255) not null,
        taken_by_shop char(1) not null,
        customer_id bigint,
        primary key (id)
    )
Hibernate: 
    create table Dog_Service (
        Dog_id bigint not null,
        services_id bigint not null,
        primary key (Dog_id, services_id)
    )
Hibernate: 
    create table Employee (
        id bigint generated by default as identity,
        address varchar(255) not null,
        name varchar(255) not null,
        phone_number varchar(255) not null,
        salary numeric(19,2) not null,
        surname varchar(255) not null,
        primary key (id)
    )
Hibernate: 
    create table Employee_Service (
        employees_id bigint not null,
        services_id bigint not null,
        primary key (employees_id, services_id)
    )
Hibernate: 
    create table Service (
        id bigint generated by default as identity,
        lengthInMinutes integer not null,
        price numeric(19,2) not null,
        serviceName varchar(255) not null,
        primary key (id)
    )
Hibernate: 
    alter table Dog_Service 
        add constraint UK_3h3gid4f67ednp7iqbao4n9m  unique (services_id)
Hibernate: 
    alter table Dog 
        add constraint FK_r6dg2ea7r0v8j0ryqw01ltxsg 
        foreign key (customer_id) 
        references Customer
Hibernate: 
    alter table Dog_Service 
        add constraint FK_3h3gid4f67ednp7iqbao4n9m 
        foreign key (services_id) 
        references Service
Hibernate: 
    alter table Dog_Service 
        add constraint FK_xv6a2ksabg59ask4emvn42l 
        foreign key (Dog_id) 
        references Dog
Hibernate: 
    alter table Employee_Service 
        add constraint FK_dvbcm61xhikp990gkvbu50f8t 
        foreign key (services_id) 
        references Service
Hibernate: 
    alter table Employee_Service 
        add constraint FK_njny94ot79bnl3hxm6qctqmi9 
        foreign key (employees_id) 
        references Employee
2015-11-17 20:29:36 INFO  SchemaExport:405 - HHH000230: Schema export complete
2015-11-17 20:29:36 INFO  TransactionalTestExecutionListener:276 - Began transaction (1) for test context [DefaultTestContext@748d16 testClass = CustomerTest, testInstance = cz.fi.muni.pz165.tests.CustomerTest@854a21, testMethod = createNullNameTest@CustomerTest, testException = [null], mergedContextConfiguration = [MergedContextConfiguration@1daabe5 testClass = CustomerTest, locations = &apos;{}&apos;, classes = &apos;{class cz.fi.muni.pa165.dogbarber.main.PersistenceSampleApplicationContext}&apos;, contextInitializerClasses = &apos;[]&apos;, activeProfiles = &apos;{}&apos;, contextLoader = &apos;org.springframework.test.context.support.DelegatingSmartContextLoader&apos;, parent = [null]]]; transaction manager [org.springframework.orm.jpa.JpaTransactionManager@14b4d77]; rollback [true]
</system-out>
  </testcase>
  <testcase time="0" classname="cz.fi.muni.pz165.tests.CustomerTest" name="createNullTest"/>
  <testcase time="0.03" classname="cz.fi.muni.pz165.tests.CustomerTest" name="createSuccessTest"/>
  <testcase time="0" classname="cz.fi.muni.pz165.tests.CustomerTest" name="deleteNullTest"/>
  <testcase time="0.13" classname="cz.fi.muni.pz165.tests.CustomerTest" name="deleteTest"/>
  <testcase time="0.003" classname="cz.fi.muni.pz165.tests.CustomerTest" name="findAllTest"/>
  <testcase time="0.005" classname="cz.fi.muni.pz165.tests.CustomerTest" name="updateTest"/>
</testsuite>