<?xml version="1.0" encoding="UTF-8"?>
<!-- Generated by org.testng.reporters.JUnitXMLReporter -->
<testsuite hostname="c3PO" name="Command line test" tests="16" failures="0" timestamp="17 Nov 2015 19:29:06 GMT" time="5.786" errors="0">
  <testcase name="createNullTest" time="0.027" classname="cz.fi.muni.pz165.tests.CustomerTest"/>
  <testcase name="createSuccessTest" time="0.123" classname="cz.fi.muni.pz165.tests.CustomerTest"/>
  <testcase name="deleteNullTest" time="0.001" classname="cz.fi.muni.pz165.tests.CustomerTest"/>
  <testcase name="deleteTest" time="0.263" classname="cz.fi.muni.pz165.tests.CustomerTest"/>
  <testcase name="findAllTest" time="0.003" classname="cz.fi.muni.pz165.tests.CustomerTest"/>
  <testcase name="updateTest" time="0.006" classname="cz.fi.muni.pz165.tests.CustomerTest"/>
  <testcase name="dogAddTest" time="0.0" classname="cz.fi.muni.pz165.tests.DogDaoTest"/>
  <testcase name="add_find_test" time="0.009" classname="cz.fi.muni.pz165.tests.EmployeeTest"/>
  <testcase name="create_update_addService_test" time="0.008" classname="cz.fi.muni.pz165.tests.EmployeeTest"/>
  <testcase name="remove_test" time="0.003" classname="cz.fi.muni.pz165.tests.EmployeeTest"/>
  <testcase name="testDelete" time="0.014" classname="cz.fi.muni.pz165.tests.ServiceTest"/>
  <testcase name="testEmptyDB" time="0.006" classname="cz.fi.muni.pz165.tests.ServiceTest"/>
  <testcase name="testFindbyId" time="0.001" classname="cz.fi.muni.pz165.tests.ServiceTest"/>
  <testcase name="testPriceEquals" time="0.001" classname="cz.fi.muni.pz165.tests.ServiceTest"/>
  <testcase name="testUpdate" time="0.002" classname="cz.fi.muni.pz165.tests.ServiceTest"/>
  <testcase name="testfindAll" time="0.004" classname="cz.fi.muni.pz165.tests.ServiceTest"/>
</testsuite> <!-- Command line test -->
